<?xml version="1.0" encoding="UTF-8"?>
<!-- Generated by org.testng.reporters.JUnitReportReporter -->
<testsuite skipped="0" hostname="DESKTOP-1SKUBU7" name="MyRunner.TestRunner" tests="1" failures="0" timestamp="14 Jan 2021 13:07:08 GMT" time="165.761" errors="0">
  <testcase name="feature" time="165.761" classname="MyRunner.TestRunner"/>
</testsuite> <!-- MyRunner.TestRunner -->
